<?xml version="1.0" encoding="utf-8"?><testsuites name="pytest tests"><testsuite name="pytest" errors="0" failures="0" skipped="0" tests="8" time="2.739" timestamp="2026-02-02T16:45:19.442743+07:00" hostname="MacBook-Pro-khxng-chanon-chanpiwat.local"><testcase classname="tests.test_flight" name="test_get_flights" time="1.413" /><testcase classname="tests.test_flight" name="test_create_passenger[given customer with valid passport, should be able to create passenger]" time="0.164" /><testcase classname="tests.test_flight" name="test_create_passenger[given customer with missing first_name, should not be able to create passenger]" time="0.088" /><testcase classname="tests.test_flight" name="test_create_passenger[given customer with missing last_name, should not be able to create passenger]" time="0.089" /><testcase classname="tests.test_flight" name="test_create_passenger[given customer with invalid passport, should not be able to create passenger]" time="0.043" /><testcase classname="tests.test_flight" name="test_update_passenger[given valid customer and flight, should be able to update passenger]" time="0.226" /><testcase classname="tests.test_flight" name="test_update_passenger[given customer with invalid passport, should not be able to update passenger]" time="0.124" /><testcase classname="tests.test_flight" name="test_delete_passenger[given valid customer and flight, should be able to delete passenger]" time="0.335" /></testsuite></testsuites>